<?xml version="1.0" encoding="UTF-8" ?>
<testsuite tests="99" failures="0" name="TennisTest" time="0.015" errors="0" skipped="0">
  <properties>
    <property name="java.runtime.name" value="Java(TM) SE Runtime Environment"/>
    <property name="sun.boot.library.path" value="/usr/lib/jvm/java-8-oracle/jre/lib/amd64"/>
    <property name="java.vm.version" value="25.171-b11"/>
    <property name="java.vm.vendor" value="Oracle Corporation"/>
    <property name="maven.multiModuleProjectDirectory" value="/home/hanlonn/projects/TennisKata"/>
    <property name="java.vendor.url" value="http://java.oracle.com/"/>
    <property name="path.separator" value=":"/>
    <property name="guice.disable.misplaced.annotation.check" value="true"/>
    <property name="java.vm.name" value="Java HotSpot(TM) 64-Bit Server VM"/>
    <property name="file.encoding.pkg" value="sun.io"/>
    <property name="user.country" value="GB"/>
    <property name="sun.java.launcher" value="SUN_STANDARD"/>
    <property name="sun.os.patch.level" value="unknown"/>
    <property name="java.vm.specification.name" value="Java Virtual Machine Specification"/>
    <property name="user.dir" value="/home/hanlonn/projects/TennisKata"/>
    <property name="java.runtime.version" value="1.8.0_171-b11"/>
    <property name="java.awt.graphicsenv" value="sun.awt.X11GraphicsEnvironment"/>
    <property name="java.endorsed.dirs" value="/usr/lib/jvm/java-8-oracle/jre/lib/endorsed"/>
    <property name="os.arch" value="amd64"/>
    <property name="java.io.tmpdir" value="/tmp"/>
    <property name="line.separator" value="
"/>
    <property name="java.vm.specification.vendor" value="Oracle Corporation"/>
    <property name="os.name" value="Linux"/>
    <property name="classworlds.conf" value="/home/hanlonn/Documents/workspace-sts-3.8.4.RELEASE/.metadata/.plugins/org.eclipse.m2e.launching/launches/m2conf9107235259681231489.tmp"/>
    <property name="sun.jnu.encoding" value="UTF-8"/>
    <property name="java.library.path" value="/usr/java/packages/lib/amd64:/usr/lib64:/lib64:/lib:/usr/lib"/>
    <property name="java.specification.name" value="Java Platform API Specification"/>
    <property name="java.class.version" value="52.0"/>
    <property name="sun.management.compiler" value="HotSpot 64-Bit Tiered Compilers"/>
    <property name="os.version" value="4.4.0-128-generic"/>
    <property name="user.home" value="/home/hanlonn"/>
    <property name="user.timezone" value="Europe/London"/>
    <property name="java.awt.printerjob" value="sun.print.PSPrinterJob"/>
    <property name="file.encoding" value="UTF-8"/>
    <property name="java.specification.version" value="1.8"/>
    <property name="user.name" value="hanlonn"/>
    <property name="java.class.path" value="/home/hanlonn/Downloads/sts-bundle/sts-3.9.0.RELEASE/plugins/org.eclipse.m2e.maven.runtime_1.8.0.20170516-2042/jars/plexus-classworlds-2.5.2.jar"/>
    <property name="java.vm.specification.version" value="1.8"/>
    <property name="sun.arch.data.model" value="64"/>
    <property name="java.home" value="/usr/lib/jvm/java-8-oracle/jre"/>
    <property name="sun.java.command" value="org.codehaus.plexus.classworlds.launcher.Launcher -B install"/>
    <property name="java.specification.vendor" value="Oracle Corporation"/>
    <property name="user.language" value="en"/>
    <property name="awt.toolkit" value="sun.awt.X11.XToolkit"/>
    <property name="java.vm.info" value="mixed mode"/>
    <property name="java.version" value="1.8.0_171"/>
    <property name="java.ext.dirs" value="/usr/lib/jvm/java-8-oracle/jre/lib/ext:/usr/java/packages/lib/ext"/>
    <property name="securerandom.source" value="file:/dev/./urandom"/>
    <property name="sun.boot.class.path" value="/usr/lib/jvm/java-8-oracle/jre/lib/resources.jar:/usr/lib/jvm/java-8-oracle/jre/lib/rt.jar:/usr/lib/jvm/java-8-oracle/jre/lib/sunrsasign.jar:/usr/lib/jvm/java-8-oracle/jre/lib/jsse.jar:/usr/lib/jvm/java-8-oracle/jre/lib/jce.jar:/usr/lib/jvm/java-8-oracle/jre/lib/charsets.jar:/usr/lib/jvm/java-8-oracle/jre/lib/jfr.jar:/usr/lib/jvm/java-8-oracle/jre/classes"/>
    <property name="java.vendor" value="Oracle Corporation"/>
    <property name="maven.home" value="/home/hanlonn/projects/TennisKata/EMBEDDED"/>
    <property name="file.separator" value="/"/>
    <property name="java.vendor.url.bug" value="http://bugreport.sun.com/bugreport/"/>
    <property name="sun.cpu.endian" value="little"/>
    <property name="sun.io.unicode.encoding" value="UnicodeLittle"/>
    <property name="sun.desktop" value="gnome"/>
    <property name="sun.cpu.isalist" value=""/>
  </properties>
  <testcase classname="TennisTest" name="checkAllScoresTennisGame1[0]" time="0.003"/>
  <testcase classname="TennisTest" name="checkAllScoresTennisGame2[0]" time="0"/>
  <testcase classname="TennisTest" name="checkAllScoresTennisGame3[0]" time="0.001"/>
  <testcase classname="TennisTest" name="checkAllScoresTennisGame1[1]" time="0"/>
  <testcase classname="TennisTest" name="checkAllScoresTennisGame2[1]" time="0"/>
  <testcase classname="TennisTest" name="checkAllScoresTennisGame3[1]" time="0"/>
  <testcase classname="TennisTest" name="checkAllScoresTennisGame1[2]" time="0.001"/>
  <testcase classname="TennisTest" name="checkAllScoresTennisGame2[2]" time="0"/>
  <testcase classname="TennisTest" name="checkAllScoresTennisGame3[2]" time="0"/>
  <testcase classname="TennisTest" name="checkAllScoresTennisGame1[3]" time="0"/>
  <testcase classname="TennisTest" name="checkAllScoresTennisGame2[3]" time="0"/>
  <testcase classname="TennisTest" name="checkAllScoresTennisGame3[3]" time="0"/>
  <testcase classname="TennisTest" name="checkAllScoresTennisGame1[4]" time="0.001"/>
  <testcase classname="TennisTest" name="checkAllScoresTennisGame2[4]" time="0.001"/>
  <testcase classname="TennisTest" name="checkAllScoresTennisGame3[4]" time="0"/>
  <testcase classname="TennisTest" name="checkAllScoresTennisGame1[5]" time="0"/>
  <testcase classname="TennisTest" name="checkAllScoresTennisGame2[5]" time="0"/>
  <testcase classname="TennisTest" name="checkAllScoresTennisGame3[5]" time="0"/>
  <testcase classname="TennisTest" name="checkAllScoresTennisGame1[6]" time="0"/>
  <testcase classname="TennisTest" name="checkAllScoresTennisGame2[6]" time="0"/>
  <testcase classname="TennisTest" name="checkAllScoresTennisGame3[6]" time="0"/>
  <testcase classname="TennisTest" name="checkAllScoresTennisGame1[7]" time="0"/>
  <testcase classname="TennisTest" name="checkAllScoresTennisGame2[7]" time="0"/>
  <testcase classname="TennisTest" name="checkAllScoresTennisGame3[7]" time="0"/>
  <testcase classname="TennisTest" name="checkAllScoresTennisGame1[8]" time="0"/>
  <testcase classname="TennisTest" name="checkAllScoresTennisGame2[8]" time="0"/>
  <testcase classname="TennisTest" name="checkAllScoresTennisGame3[8]" time="0"/>
  <testcase classname="TennisTest" name="checkAllScoresTennisGame1[9]" time="0.001"/>
  <testcase classname="TennisTest" name="checkAllScoresTennisGame2[9]" time="0"/>
  <testcase classname="TennisTest" name="checkAllScoresTennisGame3[9]" time="0"/>
  <testcase classname="TennisTest" name="checkAllScoresTennisGame1[10]" time="0"/>
  <testcase classname="TennisTest" name="checkAllScoresTennisGame2[10]" time="0"/>
  <testcase classname="TennisTest" name="checkAllScoresTennisGame3[10]" time="0"/>
  <testcase classname="TennisTest" name="checkAllScoresTennisGame1[11]" time="0"/>
  <testcase classname="TennisTest" name="checkAllScoresTennisGame2[11]" time="0"/>
  <testcase classname="TennisTest" name="checkAllScoresTennisGame3[11]" time="0"/>
  <testcase classname="TennisTest" name="checkAllScoresTennisGame1[12]" time="0"/>
  <testcase classname="TennisTest" name="checkAllScoresTennisGame2[12]" time="0.001"/>
  <testcase classname="TennisTest" name="checkAllScoresTennisGame3[12]" time="0"/>
  <testcase classname="TennisTest" name="checkAllScoresTennisGame1[13]" time="0"/>
  <testcase classname="TennisTest" name="checkAllScoresTennisGame2[13]" time="0"/>
  <testcase classname="TennisTest" name="checkAllScoresTennisGame3[13]" time="0"/>
  <testcase classname="TennisTest" name="checkAllScoresTennisGame1[14]" time="0"/>
  <testcase classname="TennisTest" name="checkAllScoresTennisGame2[14]" time="0"/>
  <testcase classname="TennisTest" name="checkAllScoresTennisGame3[14]" time="0"/>
  <testcase classname="TennisTest" name="checkAllScoresTennisGame1[15]" time="0"/>
  <testcase classname="TennisTest" name="checkAllScoresTennisGame2[15]" time="0.001"/>
  <testcase classname="TennisTest" name="checkAllScoresTennisGame3[15]" time="0.002"/>
  <testcase classname="TennisTest" name="checkAllScoresTennisGame1[16]" time="0"/>
  <testcase classname="TennisTest" name="checkAllScoresTennisGame2[16]" time="0"/>
  <testcase classname="TennisTest" name="checkAllScoresTennisGame3[16]" time="0"/>
  <testcase classname="TennisTest" name="checkAllScoresTennisGame1[17]" time="0"/>
  <testcase classname="TennisTest" name="checkAllScoresTennisGame2[17]" time="0"/>
  <testcase classname="TennisTest" name="checkAllScoresTennisGame3[17]" time="0.001"/>
  <testcase classname="TennisTest" name="checkAllScoresTennisGame1[18]" time="0"/>
  <testcase classname="TennisTest" name="checkAllScoresTennisGame2[18]" time="0"/>
  <testcase classname="TennisTest" name="checkAllScoresTennisGame3[18]" time="0"/>
  <testcase classname="TennisTest" name="checkAllScoresTennisGame1[19]" time="0"/>
  <testcase classname="TennisTest" name="checkAllScoresTennisGame2[19]" time="0"/>
  <testcase classname="TennisTest" name="checkAllScoresTennisGame3[19]" time="0"/>
  <testcase classname="TennisTest" name="checkAllScoresTennisGame1[20]" time="0"/>
  <testcase classname="TennisTest" name="checkAllScoresTennisGame2[20]" time="0"/>
  <testcase classname="TennisTest" name="checkAllScoresTennisGame3[20]" time="0"/>
  <testcase classname="TennisTest" name="checkAllScoresTennisGame1[21]" time="0"/>
  <testcase classname="TennisTest" name="checkAllScoresTennisGame2[21]" time="0"/>
  <testcase classname="TennisTest" name="checkAllScoresTennisGame3[21]" time="0"/>
  <testcase classname="TennisTest" name="checkAllScoresTennisGame1[22]" time="0"/>
  <testcase classname="TennisTest" name="checkAllScoresTennisGame2[22]" time="0"/>
  <testcase classname="TennisTest" name="checkAllScoresTennisGame3[22]" time="0"/>
  <testcase classname="TennisTest" name="checkAllScoresTennisGame1[23]" time="0"/>
  <testcase classname="TennisTest" name="checkAllScoresTennisGame2[23]" time="0"/>
  <testcase classname="TennisTest" name="checkAllScoresTennisGame3[23]" time="0"/>
  <testcase classname="TennisTest" name="checkAllScoresTennisGame1[24]" time="0"/>
  <testcase classname="TennisTest" name="checkAllScoresTennisGame2[24]" time="0"/>
  <testcase classname="TennisTest" name="checkAllScoresTennisGame3[24]" time="0"/>
  <testcase classname="TennisTest" name="checkAllScoresTennisGame1[25]" time="0"/>
  <testcase classname="TennisTest" name="checkAllScoresTennisGame2[25]" time="0"/>
  <testcase classname="TennisTest" name="checkAllScoresTennisGame3[25]" time="0"/>
  <testcase classname="TennisTest" name="checkAllScoresTennisGame1[26]" time="0"/>
  <testcase classname="TennisTest" name="checkAllScoresTennisGame2[26]" time="0"/>
  <testcase classname="TennisTest" name="checkAllScoresTennisGame3[26]" time="0"/>
  <testcase classname="TennisTest" name="checkAllScoresTennisGame1[27]" time="0"/>
  <testcase classname="TennisTest" name="checkAllScoresTennisGame2[27]" time="0"/>
  <testcase classname="TennisTest" name="checkAllScoresTennisGame3[27]" time="0"/>
  <testcase classname="TennisTest" name="checkAllScoresTennisGame1[28]" time="0"/>
  <testcase classname="TennisTest" name="checkAllScoresTennisGame2[28]" time="0"/>
  <testcase classname="TennisTest" name="checkAllScoresTennisGame3[28]" time="0"/>
  <testcase classname="TennisTest" name="checkAllScoresTennisGame1[29]" time="0"/>
  <testcase classname="TennisTest" name="checkAllScoresTennisGame2[29]" time="0.001"/>
  <testcase classname="TennisTest" name="checkAllScoresTennisGame3[29]" time="0"/>
  <testcase classname="TennisTest" name="checkAllScoresTennisGame1[30]" time="0"/>
  <testcase classname="TennisTest" name="checkAllScoresTennisGame2[30]" time="0"/>
  <testcase classname="TennisTest" name="checkAllScoresTennisGame3[30]" time="0"/>
  <testcase classname="TennisTest" name="checkAllScoresTennisGame1[31]" time="0"/>
  <testcase classname="TennisTest" name="checkAllScoresTennisGame2[31]" time="0"/>
  <testcase classname="TennisTest" name="checkAllScoresTennisGame3[31]" time="0"/>
  <testcase classname="TennisTest" name="checkAllScoresTennisGame1[32]" time="0"/>
  <testcase classname="TennisTest" name="checkAllScoresTennisGame2[32]" time="0"/>
  <testcase classname="TennisTest" name="checkAllScoresTennisGame3[32]" time="0.001"/>
</testsuite>